<?xml version="1.0" encoding="UTF-8"?>
<testng-results ignored="0" total="1" passed="1" failed="0" skipped="0">
  <reporter-output>
  </reporter-output>
  <suite started-at="2022-04-21T13:14:15 IST" name="Default suite" finished-at="2022-04-21T13:14:32 IST" duration-ms="16304">
    <groups>
    </groups>
    <test started-at="2022-04-21T13:14:15 IST" name="Default test" finished-at="2022-04-21T13:14:32 IST" duration-ms="16304">
      <class name="com.cjc.MTtestMaven21_4_22.MavMTTestTestNG">
        <test-method is-config="true" signature="beforeSuite()[pri:0, instance:com.cjc.MTtestMaven21_4_22.MavMTTestTestNG@353352b6]" started-at="2022-04-21T13:14:13 IST" name="beforeSuite" finished-at="2022-04-21T13:14:15 IST" duration-ms="2686" status="PASS">
          <reporter-output>
          </reporter-output>
        </test-method> <!-- beforeSuite -->
        <test-method is-config="true" signature="beforeTest()[pri:0, instance:com.cjc.MTtestMaven21_4_22.MavMTTestTestNG@353352b6]" started-at="2022-04-21T13:14:15 IST" name="beforeTest" finished-at="2022-04-21T13:14:25 IST" duration-ms="9579" status="PASS">
          <reporter-output>
          </reporter-output>
        </test-method> <!-- beforeTest -->
        <test-method is-config="true" signature="beforeClass()[pri:0, instance:com.cjc.MTtestMaven21_4_22.MavMTTestTestNG@353352b6]" started-at="2022-04-21T13:14:25 IST" name="beforeClass" finished-at="2022-04-21T13:14:26 IST" duration-ms="1287" status="PASS">
          <reporter-output>
          </reporter-output>
        </test-method> <!-- beforeClass -->
        <test-method is-config="true" signature="beforeMethod()[pri:0, instance:com.cjc.MTtestMaven21_4_22.MavMTTestTestNG@353352b6]" started-at="2022-04-21T13:14:26 IST" name="beforeMethod" finished-at="2022-04-21T13:14:26 IST" duration-ms="0" status="PASS">
          <reporter-output>
          </reporter-output>
        </test-method> <!-- beforeMethod -->
        <test-method signature="fMtt01()[pri:0, instance:com.cjc.MTtestMaven21_4_22.MavMTTestTestNG@353352b6]" started-at="2022-04-21T13:14:26 IST" name="fMtt01" finished-at="2022-04-21T13:14:32 IST" duration-ms="5374" status="PASS">
          <reporter-output>
          </reporter-output>
        </test-method> <!-- fMtt01 -->
      </class> <!-- com.cjc.MTtestMaven21_4_22.MavMTTestTestNG -->
    </test> <!-- Default test -->
  </suite> <!-- Default suite -->
</testng-results>
